Welcome to MAGMA v1.10 (linux)
Using flags:
	--annotate
	--snp-loc snploc
	--gene-loc ../../software/MAGMA/aux_files/NCBI37.3/NCBI37.3.gene.loc
	--out AN

Start time is 17:33:12, Tuesday 21 Mar 2023

Starting annotation...
Reading gene locations from file ../../software/MAGMA/aux_files/NCBI37.3/NCBI37.3.gene.loc... 
	19427 gene locations read from file
	chromosome  1: 2016 genes
	chromosome  2: 1226 genes
	chromosome  3: 1050 genes
	chromosome  4: 745 genes
	chromosome  5: 856 genes
	chromosome  6: 1016 genes
	chromosome  7: 906 genes
	chromosome  8: 669 genes
	chromosome  9: 775 genes
	chromosome 10: 723 genes
	chromosome 11: 1275 genes
	chromosome 12: 1009 genes
	chromosome 13: 320 genes
	chromosome 14: 595 genes
	chromosome 15: 586 genes
	chromosome 16: 817 genes
	chromosome 17: 1147 genes
	chromosome 18: 271 genes
	chromosome 19: 1389 genes
	chromosome 20: 527 genes
	chromosome 21: 215 genes
	chromosome 22: 442 genes
	chromosome  X: 805 genes
	chromosome  Y: 47 genes
Reading SNP locations from file snploc... 
	8219102 SNP locations read from file
	of those, 3282853 (39.94%) mapped to at least one gene
Writing annotation to file AN.genes.annot
	for chromosome  1, 112 genes are empty (out of 2016)
	for chromosome  2, 27 genes are empty (out of 1226)
	for chromosome  3, 8 genes are empty (out of 1050)
	for chromosome  4, 26 genes are empty (out of 745)
	for chromosome  5, 16 genes are empty (out of 856)
	for chromosome  6, 19 genes are empty (out of 1016)
	for chromosome  7, 35 genes are empty (out of 906)
	for chromosome  8, 42 genes are empty (out of 669)
	for chromosome  9, 52 genes are empty (out of 775)
	for chromosome 10, 23 genes are empty (out of 723)
	for chromosome 11, 31 genes are empty (out of 1275)
	for chromosome 12, 11 genes are empty (out of 1009)
	for chromosome 13, 5 genes are empty (out of 320)
	for chromosome 14, 14 genes are empty (out of 595)
	for chromosome 15, 42 genes are empty (out of 586)
	for chromosome 16, 50 genes are empty (out of 817)
	for chromosome 17, 49 genes are empty (out of 1147)
	for chromosome 18, 5 genes are empty (out of 271)
	for chromosome 19, 52 genes are empty (out of 1389)
	for chromosome 20, 8 genes are empty (out of 527)
	for chromosome 21, 16 genes are empty (out of 215)
	for chromosome 22, 32 genes are empty (out of 442)
	for chromosome  X, 805 genes are empty (out of 805)
	for chromosome  Y, 47 genes are empty (out of 47)
	at least one SNP mapped to each of a total of 17900 genes (out of 19427)
End time is 17:33:24, Tuesday 21 Mar 2023 (elapsed: 00:00:12)