Welcome to MAGMA v1.10 (linux)
Using flags:
	--gene-results AN_genebased.genes.raw
	--gene-covar ./geneset/tissue_gex.cov
	--out AN_geneset_cont

Start time is 20:11:29, Tuesday 21 Mar 2023

Reading file AN_genebased.genes.raw... 
	17825 genes read from file
Loading gene-level covariates...
Reading file ./geneset/tissue_gex.cov... 
	detected 12 variables in file (using all)
	found 12 valid gene covariates, for 13090 genes defined in genotype data
Processing missing values...
	found 4735 genes not present in all input files: removing these from analysis
	13090 genes remaining in analysis
Preparing variables for analysis...
	truncating Z-scores 3 points below zero or 6 standard deviations above the mean
	truncating covariate values more than 5 standard deviations from the mean
	total variables available for analysis: 12 gene covariates

Parsing model specifications...
Inverting gene-gene correlation matrix...
Performing regression analysis...
	testing direction: one-sided, positive (sets), two-sided (covar)
	conditioning on internal variables:
		gene size, log(gene size)
		gene density, log(gene density)
		sample size, log(sample size)
		inverse mac, log(inverse mac)
	analysing individual variables

	analysing single-variable models (number of models: 12)
	writing results to file AN_geneset_cont.gsa.out

End time is 20:11:35, Tuesday 21 Mar 2023 (elapsed: 00:00:06)
